<?xml version="1.0" encoding="UTF-8"?>
<!-- Generated by org.testng.reporters.JUnitXMLReporter -->
<testsuite hostname="Chetuiwk1317" ignored="7" name="Test" tests="1" failures="0" timestamp="05 Jun 2017 13:10:10 GMT" time="4.788" errors="0">
  <testcase name="openWord" time="4.772" classname="windowApplications.OpenApplications"/>
  <testcase name="openExcel" time="0.0" classname="windowApplications.OpenApplications">
    <ignored/>
  </testcase> <!-- openExcel -->
  <testcase name="openOutlook" time="0.0" classname="windowApplications.OpenApplications">
    <ignored/>
  </testcase> <!-- openOutlook -->
  <testcase name="openPOSTMAN" time="0.0" classname="windowApplications.OpenApplications">
    <ignored/>
  </testcase> <!-- openPOSTMAN -->
  <testcase name="openChrome" time="0.0" classname="windowApplications.OpenApplications">
    <ignored/>
  </testcase> <!-- openChrome -->
  <testcase name="openNotePad" time="0.0" classname="windowApplications.OpenApplications">
    <ignored/>
  </testcase> <!-- openNotePad -->
  <testcase name="openWAMP" time="0.0" classname="windowApplications.OpenApplications">
    <ignored/>
  </testcase> <!-- openWAMP -->
  <testcase name="openWordPad" time="0.0" classname="windowApplications.OpenApplications">
    <ignored/>
  </testcase> <!-- openWordPad -->
</testsuite> <!-- Test -->
