<?xml version="1.0" encoding="UTF-8"?>
<testng-results skipped="0" failed="1" ignored="0" total="8" passed="7">
  <reporter-output>
  </reporter-output>
  <suite name="Default suite" duration-ms="29962" started-at="2017-06-05T18:07:15Z" finished-at="2017-06-05T18:07:45Z">
    <groups>
    </groups>
    <test name="Default test" duration-ms="29962" started-at="2017-06-05T18:07:15Z" finished-at="2017-06-05T18:07:45Z">
      <class name="windowApplications.OpenApplications">
        <test-method status="PASS" signature="startUp()[pri:0, instance:windowApplications.OpenApplications@6dde5c8c]" name="startUp" is-config="true" duration-ms="224" started-at="2017-06-05T23:37:15Z" finished-at="2017-06-05T23:37:15Z">
          <reporter-output>
          </reporter-output>
        </test-method> <!-- startUp -->
        <test-method status="PASS" signature="openWord()[pri:0, instance:windowApplications.OpenApplications@6dde5c8c]" name="openWord" duration-ms="6159" started-at="2017-06-05T23:37:15Z" finished-at="2017-06-05T23:37:21Z">
          <reporter-output>
          </reporter-output>
        </test-method> <!-- openWord -->
        <test-method status="PASS" signature="openNotePad()[pri:1, instance:windowApplications.OpenApplications@6dde5c8c]" name="openNotePad" duration-ms="3314" started-at="2017-06-05T23:37:21Z" finished-at="2017-06-05T23:37:24Z">
          <reporter-output>
          </reporter-output>
        </test-method> <!-- openNotePad -->
        <test-method status="PASS" signature="openChrome()[pri:2, instance:windowApplications.OpenApplications@6dde5c8c]" name="openChrome" duration-ms="3567" started-at="2017-06-05T23:37:24Z" finished-at="2017-06-05T23:37:28Z">
          <reporter-output>
          </reporter-output>
        </test-method> <!-- openChrome -->
        <test-method status="FAIL" signature="openExcel()[pri:3, instance:windowApplications.OpenApplications@6dde5c8c]" name="openExcel" duration-ms="0" started-at="2017-06-05T23:37:28Z" finished-at="2017-06-05T23:37:28Z">
          <exception class="java.lang.NullPointerException">
            <full-stacktrace>
              <![CDATA[java.lang.NullPointerException
	at java.util.regex.Matcher.getTextLength(Matcher.java:1283)
	at java.util.regex.Matcher.reset(Matcher.java:309)
	at java.util.regex.Matcher.<init>(Matcher.java:229)
	at java.util.regex.Pattern.matcher(Pattern.java:1093)
	at com.relevantcodes.extentreports.utils.ExceptionUtil.getExceptionHeadline(ExceptionUtil.java:24)
	at com.relevantcodes.extentreports.Report.setCauseTest(Report.java:368)
	at com.relevantcodes.extentreports.Report.finalizeTest(Report.java:336)
	at com.relevantcodes.extentreports.ExtentReports.endTest(ExtentReports.java:622)
	at windowApplications.OpenApplications.openExcel(OpenApplications.java:104)
	at sun.reflect.NativeMethodAccessorImpl.invoke0(Native Method)
	at sun.reflect.NativeMethodAccessorImpl.invoke(NativeMethodAccessorImpl.java:62)
	at sun.reflect.DelegatingMethodAccessorImpl.invoke(DelegatingMethodAccessorImpl.java:43)
	at java.lang.reflect.Method.invoke(Method.java:498)
	at org.testng.internal.MethodInvocationHelper.invokeMethod(MethodInvocationHelper.java:108)
	at org.testng.internal.Invoker.invokeMethod(Invoker.java:661)
	at org.testng.internal.Invoker.invokeTestMethod(Invoker.java:869)
	at org.testng.internal.Invoker.invokeTestMethods(Invoker.java:1193)
	at org.testng.internal.TestMethodWorker.invokeTestMethods(TestMethodWorker.java:126)
	at org.testng.internal.TestMethodWorker.run(TestMethodWorker.java:109)
	at org.testng.TestRunner.privateRun(TestRunner.java:744)
	at org.testng.TestRunner.run(TestRunner.java:602)
	at org.testng.SuiteRunner.runTest(SuiteRunner.java:380)
	at org.testng.SuiteRunner.runSequentially(SuiteRunner.java:375)
	at org.testng.SuiteRunner.privateRun(SuiteRunner.java:340)
	at org.testng.SuiteRunner.run(SuiteRunner.java:289)
	at org.testng.SuiteRunnerWorker.runSuite(SuiteRunnerWorker.java:52)
	at org.testng.SuiteRunnerWorker.run(SuiteRunnerWorker.java:86)
	at org.testng.TestNG.runSuitesSequentially(TestNG.java:1301)
	at org.testng.TestNG.runSuitesLocally(TestNG.java:1226)
	at org.testng.TestNG.runSuites(TestNG.java:1144)
	at org.testng.TestNG.run(TestNG.java:1115)
	at org.testng.remote.AbstractRemoteTestNG.run(AbstractRemoteTestNG.java:132)
	at org.testng.remote.RemoteTestNG.initAndRun(RemoteTestNG.java:230)
	at org.testng.remote.RemoteTestNG.main(RemoteTestNG.java:76)
]]>
            </full-stacktrace>
          </exception> <!-- java.lang.NullPointerException -->
          <reporter-output>
          </reporter-output>
        </test-method> <!-- openExcel -->
        <test-method status="PASS" signature="openWordPad()[pri:4, instance:windowApplications.OpenApplications@6dde5c8c]" name="openWordPad" duration-ms="3333" started-at="2017-06-05T23:37:28Z" finished-at="2017-06-05T23:37:31Z">
          <reporter-output>
          </reporter-output>
        </test-method> <!-- openWordPad -->
        <test-method status="PASS" signature="openPOSTMAN()[pri:5, instance:windowApplications.OpenApplications@6dde5c8c]" name="openPOSTMAN" duration-ms="3323" started-at="2017-06-05T23:37:31Z" finished-at="2017-06-05T23:37:35Z">
          <reporter-output>
          </reporter-output>
        </test-method> <!-- openPOSTMAN -->
        <test-method status="PASS" signature="openWAMP()[pri:6, instance:windowApplications.OpenApplications@6dde5c8c]" name="openWAMP" duration-ms="3108" started-at="2017-06-05T23:37:35Z" finished-at="2017-06-05T23:37:38Z">
          <reporter-output>
          </reporter-output>
        </test-method> <!-- openWAMP -->
        <test-method status="PASS" signature="openOutlook()[pri:7, instance:windowApplications.OpenApplications@6dde5c8c]" name="openOutlook" duration-ms="6607" started-at="2017-06-05T23:37:38Z" finished-at="2017-06-05T23:37:44Z">
          <reporter-output>
          </reporter-output>
        </test-method> <!-- openOutlook -->
        <test-method status="PASS" signature="flush()[pri:0, instance:windowApplications.OpenApplications@6dde5c8c]" name="flush" is-config="true" duration-ms="265" started-at="2017-06-05T23:37:44Z" finished-at="2017-06-05T23:37:45Z">
          <reporter-output>
          </reporter-output>
        </test-method> <!-- flush -->
      </class> <!-- windowApplications.OpenApplications -->
    </test> <!-- Default test -->
  </suite> <!-- Default suite -->
</testng-results>
